0 info it worked if it ends with ok
1 verbose cli [ 'D:\\Install\\tools\\node\\node.exe',
1 verbose cli   'D:\\Install\\tools\\node\\node_modules\\npm\\bin\\npm-cli.js',
1 verbose cli   'install',
1 verbose cli   'grunt-ruby-sass' ]
2 info using npm@2.14.20
3 info using node@v4.4.0
4 verbose install initial load of F:\github\WebTry\web_study\assets\h5\h5_study\package.json
5 warn package.json @ No repository field.
6 warn package.json @ No license field.
7 verbose installManyTop reading scoped package data from F:\github\WebTry\web_study\assets\h5\h5_study\node_modules\grunt\package.json
8 verbose installManyTop reading scoped package data from F:\github\WebTry\web_study\assets\h5\h5_study\node_modules\grunt-bower-task\package.json
9 verbose installManyTop reading scoped package data from F:\github\WebTry\web_study\assets\h5\h5_study\node_modules\grunt-contrib-clean\package.json
10 verbose installManyTop reading scoped package data from F:\github\WebTry\web_study\assets\h5\h5_study\node_modules\grunt-contrib-concat\package.json
11 verbose installManyTop reading scoped package data from F:\github\WebTry\web_study\assets\h5\h5_study\node_modules\grunt-contrib-copy\package.json
12 verbose installManyTop reading scoped package data from F:\github\WebTry\web_study\assets\h5\h5_study\node_modules\grunt-contrib-cssmin\package.json
13 verbose installManyTop reading scoped package data from F:\github\WebTry\web_study\assets\h5\h5_study\node_modules\grunt-contrib-less\package.json
14 verbose installManyTop reading scoped package data from F:\github\WebTry\web_study\assets\h5\h5_study\node_modules\grunt-contrib-sass\package.json
15 verbose installManyTop reading scoped package data from F:\github\WebTry\web_study\assets\h5\h5_study\node_modules\grunt-contrib-uglify\package.json
16 verbose installManyTop reading scoped package data from F:\github\WebTry\web_study\assets\h5\h5_study\node_modules\grunt-contrib-watch\package.json
17 verbose installManyTop reading scoped package data from F:\github\WebTry\web_study\assets\h5\h5_study\node_modules\load-grunt-tasks\package.json
18 info package.json grunt@0.4.5 No license field.
19 info package.json grunt-bower-task@0.4.0 No license field.
20 verbose readDependencies loading dependencies from F:\github\WebTry\web_study\assets\h5\h5_study\package.json
21 silly cache add args [ 'grunt-ruby-sass', null ]
22 verbose cache add spec grunt-ruby-sass
23 silly cache add parsed spec Result {
23 silly cache add   raw: 'grunt-ruby-sass',
23 silly cache add   scope: null,
23 silly cache add   name: 'grunt-ruby-sass',
23 silly cache add   rawSpec: '',
23 silly cache add   spec: 'latest',
23 silly cache add   type: 'tag' }
24 silly addNamed grunt-ruby-sass@latest
25 verbose addNamed "latest" is being treated as a dist-tag for grunt-ruby-sass
26 info addNameTag [ 'grunt-ruby-sass', 'latest' ]
27 silly mapToRegistry name grunt-ruby-sass
28 silly mapToRegistry using default registry
29 silly mapToRegistry registry https://registry.npmjs.org/
30 silly mapToRegistry uri https://registry.npmjs.org/grunt-ruby-sass
31 verbose addNameTag registry:https://registry.npmjs.org/grunt-ruby-sass not in flight; fetching
32 verbose request uri https://registry.npmjs.org/grunt-ruby-sass
33 verbose request no auth needed
34 info attempt registry request try #1 at 12:32:11
35 verbose request id 694b0fedc8545a48
36 http request GET https://registry.npmjs.org/grunt-ruby-sass
37 http 404 https://registry.npmjs.org/grunt-ruby-sass
38 verbose headers { 'content-type': 'application/json',
38 verbose headers   'cache-control': 'max-age=0',
38 verbose headers   'content-length': '2',
38 verbose headers   'accept-ranges': 'bytes',
38 verbose headers   date: 'Wed, 16 Mar 2016 04:32:14 GMT',
38 verbose headers   via: '1.1 varnish',
38 verbose headers   age: '0',
38 verbose headers   connection: 'keep-alive',
38 verbose headers   'x-served-by': 'cache-lhr6326-LHR',
38 verbose headers   'x-cache': 'MISS',
38 verbose headers   'x-cache-hits': '0',
38 verbose headers   'x-timer': 'S1458102733.931707,VS0,VE157' }
39 silly get cb [ 404,
39 silly get   { 'content-type': 'application/json',
39 silly get     'cache-control': 'max-age=0',
39 silly get     'content-length': '2',
39 silly get     'accept-ranges': 'bytes',
39 silly get     date: 'Wed, 16 Mar 2016 04:32:14 GMT',
39 silly get     via: '1.1 varnish',
39 silly get     age: '0',
39 silly get     connection: 'keep-alive',
39 silly get     'x-served-by': 'cache-lhr6326-LHR',
39 silly get     'x-cache': 'MISS',
39 silly get     'x-cache-hits': '0',
39 silly get     'x-timer': 'S1458102733.931707,VS0,VE157' } ]
40 verbose stack Error: Registry returned 404 for GET on https://registry.npmjs.org/grunt-ruby-sass
40 verbose stack     at makeError (D:\Install\tools\node\node_modules\npm\node_modules\npm-registry-client\lib\request.js:264:12)
40 verbose stack     at CachingRegistryClient.<anonymous> (D:\Install\tools\node\node_modules\npm\node_modules\npm-registry-client\lib\request.js:242:14)
40 verbose stack     at Request._callback (D:\Install\tools\node\node_modules\npm\node_modules\npm-registry-client\lib\request.js:172:14)
40 verbose stack     at Request.self.callback (D:\Install\tools\node\node_modules\npm\node_modules\request\request.js:199:22)
40 verbose stack     at emitTwo (events.js:87:13)
40 verbose stack     at Request.emit (events.js:172:7)
40 verbose stack     at Request.<anonymous> (D:\Install\tools\node\node_modules\npm\node_modules\request\request.js:1036:10)
40 verbose stack     at emitOne (events.js:82:20)
40 verbose stack     at Request.emit (events.js:169:7)
40 verbose stack     at IncomingMessage.<anonymous> (D:\Install\tools\node\node_modules\npm\node_modules\request\request.js:963:12)
41 verbose statusCode 404
42 verbose pkgid grunt-ruby-sass
43 verbose cwd F:\github\WebTry\web_study\assets\h5\h5_study
44 error Windows_NT 10.0.10586
45 error argv "D:\\Install\\tools\\node\\node.exe" "D:\\Install\\tools\\node\\node_modules\\npm\\bin\\npm-cli.js" "install" "grunt-ruby-sass"
46 error node v4.4.0
47 error npm  v2.14.20
48 error code E404
49 error 404 Registry returned 404 for GET on https://registry.npmjs.org/grunt-ruby-sass
49 error 404
49 error 404 'grunt-ruby-sass' is not in the npm registry.
49 error 404 You should bug the author to publish it (or use the name yourself!)
49 error 404
49 error 404 Note that you can also install from a
49 error 404 tarball, folder, http url, or git url.
50 verbose exit [ 1, true ]
