0 info it worked if it ends with ok
1 verbose cli [ 'D:\\Install\\tools\\node\\node.exe',
1 verbose cli   'D:\\Install\\tools\\node\\node_modules\\npm\\bin\\npm-cli.js',
1 verbose cli   'run',
1 verbose cli   'name' ]
2 info using npm@3.8.9
3 info using node@v6.2.0
4 verbose stack Error: missing script: name
4 verbose stack     at run (D:\Install\tools\node\node_modules\npm\lib\run-script.js:150:19)
4 verbose stack     at D:\Install\tools\node\node_modules\npm\lib\run-script.js:60:5
4 verbose stack     at D:\Install\tools\node\node_modules\npm\node_modules\read-package-json\read-json.js:356:5
4 verbose stack     at checkBinReferences_ (D:\Install\tools\node\node_modules\npm\node_modules\read-package-json\read-json.js:320:45)
4 verbose stack     at final (D:\Install\tools\node\node_modules\npm\node_modules\read-package-json\read-json.js:354:3)
4 verbose stack     at then (D:\Install\tools\node\node_modules\npm\node_modules\read-package-json\read-json.js:124:5)
4 verbose stack     at ReadFileContext.<anonymous> (D:\Install\tools\node\node_modules\npm\node_modules\read-package-json\read-json.js:295:20)
4 verbose stack     at ReadFileContext.callback (D:\Install\tools\node\node_modules\npm\node_modules\graceful-fs\graceful-fs.js:78:16)
4 verbose stack     at FSReqWrap.readFileAfterOpen [as oncomplete] (fs.js:359:13)
5 verbose cwd F:\github\WebTry\web_study\assets\h5\sass_gulp
6 error Windows_NT 10.0.10586
7 error argv "D:\\Install\\tools\\node\\node.exe" "D:\\Install\\tools\\node\\node_modules\\npm\\bin\\npm-cli.js" "run" "name"
8 error node v6.2.0
9 error npm  v3.8.9
10 error missing script: name
11 error If you need help, you may report this error at:
11 error     <https://github.com/npm/npm/issues>
12 verbose exit [ 1, true ]
